Updated master repo at Fri May  1 01:35:53 CDT 2020
Updated master repo at Fri May  1 01:53:27 CDT 2020
Updated master repo at Fri May  1 18:02:14 CDT 2020
Updated master repo at Fri May  1 18:42:06 CDT 2020
Updated master repo at Fri May  1 20:26:36 CDT 2020
Updated master repo at Fri May  1 20:28:24 CDT 2020
Updated master repo at Fri May  1 20:58:49 CDT 2020
Updated master repo at Sat May  2 03:53:03 CDT 2020
Updated master repo at Sat May  2 04:34:50 CDT 2020
Updated master repo at Sat May  2 05:38:39 CDT 2020
Updated master repo at Sat May  2 05:47:56 CDT 2020
Updated master repo at Sat May  2 05:52:19 CDT 2020
Updated master repo at Sat May  2 05:57:09 CDT 2020
Updated master repo at Sat May  2 05:58:18 CDT 2020
Updated master repo at Sat May  2 06:01:12 CDT 2020
Updated master repo at Sat May  2 06:02:35 CDT 2020
Updated master repo at Sat May  2 06:04:25 CDT 2020
Updated master repo at Sat May  2 06:05:43 CDT 2020
Updated master repo at Sat May  2 07:19:19 CDT 2020
Updated master repo at Sat May  2 07:25:46 CDT 2020
Updated master repo at Sat May  2 07:26:48 CDT 2020
Updated master repo at Sat May  2 07:27:04 CDT 2020
Updated master repo at Sat May  2 07:28:51 CDT 2020
Updated master repo at Sat May  2 07:31:34 CDT 2020
Updated master repo at Sat May  2 07:34:14 CDT 2020
Updated master repo at Sat May  2 07:35:32 CDT 2020
Updated master repo at Sat May  2 07:42:32 CDT 2020
Updated master repo at Sat May  2 08:05:42 CDT 2020
Updated master repo at Sat May  2 08:12:16 CDT 2020
Updated master repo at Sat May  2 16:35:14 CDT 2020
Updated master repo at Sat May  2 16:41:09 CDT 2020
Updated master repo at Sat May  2 16:44:10 CDT 2020
Updated master repo at Sat May  2 16:52:14 CDT 2020
Updated master repo at Sat May  2 17:29:00 CDT 2020
Updated master repo at Sat May  2 17:32:14 CDT 2020
Updated master repo at Sat May  2 17:37:35 CDT 2020
Updated master repo at Sat May  2 18:07:03 CDT 2020
Updated master repo at Sat May  2 19:15:02 CDT 2020
Updated master repo at Sat May  2 19:24:41 CDT 2020
Updated master repo at Sat May  2 22:26:04 CDT 2020
Updated master repo at Sun May  3 05:00:59 CDT 2020
Updated master repo at Mon May  4 05:01:18 CDT 2020
Updated master repo at Tue May  5 05:01:23 CDT 2020
Updated master repo at Wed May  6 05:01:41 CDT 2020
Updated master repo at Thu May  7 05:02:06 CDT 2020
Updated master repo at Fri May  8 05:02:07 CDT 2020
Updated master repo at Sat May  9 05:01:59 CDT 2020
Updated master repo at Sun May 10 05:02:02 CDT 2020
