Updated resume repo at Sat May  2 22:26:51 CDT 2020
Updated resume repo at Sun May  3 05:01:10 CDT 2020
Updated resume repo at Mon May  4 05:01:54 CDT 2020
Updated resume repo at Tue May  5 05:02:03 CDT 2020
Updated resume repo at Wed May  6 05:02:41 CDT 2020
Updated resume repo at Thu May  7 05:03:00 CDT 2020
Updated resume repo at Fri May  8 05:03:19 CDT 2020
Updated resume repo at Sat May  9 05:02:49 CDT 2020
Updated resume repo at Sun May 10 05:02:59 CDT 2020
Updated resume repo at Mon May 11 05:03:06 CDT 2020
Updated resume repo at Tue May 12 05:03:17 CDT 2020
Updated resume repo at Wed May 13 05:03:45 CDT 2020
Updated resume repo at Thu May 14 05:03:23 CDT 2020
Updated resume repo at Fri May 15 05:03:34 CDT 2020
Updated resume repo at Sat May 16 05:04:27 CDT 2020
Updated resume repo at Sun May 17 05:03:21 CDT 2020
Updated resume repo at Mon May 18 05:03:19 CDT 2020
Updated resume repo at Tue May 19 05:03:22 CDT 2020
Updated resume repo at Wed May 20 05:03:21 CDT 2020
Updated resume repo at Thu May 21 05:03:26 CDT 2020
Updated resume repo at Fri May 22 05:03:22 CDT 2020
Updated resume repo at Sat May 23 05:03:45 CDT 2020
Updated resume repo at Sun May 24 05:03:42 CDT 2020
Updated resume repo at Mon May 25 05:03:55 CDT 2020
Updated resume repo at Tue May 26 05:03:39 CDT 2020
Updated resume repo at Wed May 27 05:03:45 CDT 2020
